<?xml version="1.0" encoding="UTF-8"?>
<testsuites name="Edited" time="261.678" tests="3" failures="0" errors="0">
   <testsuite name="Edited" tests="3" failures="0" errors="0" time="261.678" skipped="0" timestamp="2023-07-11 17:42:54" hostname="dung.cao - 10.10.32.213" id="Test Suites/Edited">
      <properties>
         <property name="deviceName" value=""/>
         <property name="devicePlatform" value=""/>
         <property name="logFolder" value="/Users/dung.cao/Desktop/cura-healthcare/Reports/20230711_174245/Edited/20230711_174245"/>
         <property name="logFiles" value="/Users/dung.cao/Desktop/cura-healthcare/Reports/20230711_174245/Edited/20230711_174245/execution0.log"/>
         <property name="attachments" value=""/>
         <property name="hostName" value="dung.cao - 10.10.32.213"/>
         <property name="os" value="Mac OS X 64bit"/>
         <property name="katalonVersion" value="8.6.5.208"/>
         <property name="browser" value="Chrome 114.0.0.0"/>
         <property name="hostAddress" value="10.10.32.213"/>
         <property name="sessionId" value="4623cea2da16d45140a5d8af034522a7"/>
         <property name="seleniumVersion" value="3.141.59"/>
         <property name="proxyInformation" value="ProxyInformation { proxyOption=NO_PROXY, proxyServerType=HTTP, username=, password=********, proxyServerAddress=, proxyServerPort=0, executionList=&quot;&quot;, isApplyToDesiredCapabilities=true }"/>
         <property name="platform" value="Mac OS X"/>
      </properties>
      <testcase name="Test Cases/Verify user can book an appointment successfully" time="80.157" classname="Test Cases/Verify user can book an appointment successfully" status="PASSED">
         <system-out><![CDATA[2023-07-11 17:42:55 - [TEST_CASE][PASSED] - Test Cases/Verify user can book an appointment successfully: Test Cases/Verify user can book an appointment successfully

2023-07-11 17:42:55 - [TEST_STEP][PASSED] - openBrowser(""): Browser is opened with url: ''

2023-07-11 17:42:56 - [MESSAGE][INFO] - Starting 'Chrome' driver

2023-07-11 17:42:56 - [MESSAGE][INFO] - Action delay is set to 0 milliseconds

2023-07-11 17:43:03 - [MESSAGE][PASSED] - Browser is opened with url: ''

2023-07-11 17:43:03 - [TEST_STEP][PASSED] - navigateToUrl(URL_homepage): Navigate to 'https://katalon-demo-cura.herokuapp.com/' successfully

2023-07-11 17:43:06 - [MESSAGE][PASSED] - Navigate to 'https://katalon-demo-cura.herokuapp.com/' successfully

2023-07-11 17:43:06 - [TEST_STEP][PASSED] - click(findTestObject("Page_Main page/Button_Make Appointment")): Object: 'Object Repository/Page_Main page/Button_Make Appointment' is clicked on

2023-07-11 17:43:08 - [MESSAGE][PASSED] - Object: 'Object Repository/Page_Main page/Button_Make Appointment' is clicked on

2023-07-11 17:43:08 - [TEST_STEP][PASSED] - logIn.LogIn.logIn("John Doe", "ThisIsNotAPassword"): logIn.LogIn.logIn is PASSED

2023-07-11 17:43:09 - [MESSAGE][PASSED] - Text 'John Doe' is set on object 'Object Repository/Page_Log in page/Input field_Username'

2023-07-11 17:43:10 - [MESSAGE][PASSED] - Text 'ThisIsNotAPassword' is set on object 'Object Repository/Page_Log in page/Input field _Password'

2023-07-11 17:43:41 - [MESSAGE][INFO] - Unable to find the element located by 'By.cssSelector: '. Please recheck the objects properties to make sure the desired element is located. 

2023-07-11 17:43:41 - [MESSAGE][WARNING] - [SELF-HEALING] Failed to find element with id 'Object Repository/Page_log in page/Button_Log in'. Try using Self-healing.

2023-07-11 17:43:41 - [MESSAGE][WARNING] - [SELF-HEALING] The current locator of test object 'Object Repository/Page_log in page/Button_Log in' was broken. Propose an alternative one: '#btn-login'.

2023-07-11 17:43:43 - [MESSAGE][PASSED] - Object: 'Object Repository/Page_log in page/Button_Log in' is clicked on

2023-07-11 17:43:43 - [MESSAGE][PASSED] - logIn.LogIn.logIn is PASSED

2023-07-11 17:43:43 - [TEST_STEP][PASSED] - form_output = makeAppointment.MakeAppointment.fillOutForm(facility, readmission, program, date, comment): makeAppointment.MakeAppointment.fillOutForm is PASSED

2023-07-11 17:43:45 - [MESSAGE][PASSED] - Text '15/02/2023' is set on object 'Object Repository/Page_Make Appointment/input_Visit Date (Required)_visit_date'

2023-07-11 17:43:49 - [MESSAGE][PASSED] - Text '' is set on object 'Object Repository/Page_Make Appointment/textarea_Comment_comment'

2023-07-11 17:43:51 - [MESSAGE][PASSED] - Object: 'Object Repository/Page_Make Appointment/button_Book Appointment' is clicked on

2023-07-11 17:43:51 - [MESSAGE][PASSED] - makeAppointment.MakeAppointment.fillOutForm is PASSED

2023-07-11 17:43:51 - [TEST_STEP][PASSED] - url = getUrl(): Current window's url is: 'https://katalon-demo-cura.herokuapp.com/appointment.php#summary'

2023-07-11 17:43:51 - [MESSAGE][PASSED] - Current window's url is: 'https://katalon-demo-cura.herokuapp.com/appointment.php#summary'

2023-07-11 17:43:51 - [TEST_STEP][PASSED] - verifyEqual(url, URL_summary): Actual object 'https://katalon-demo-cura.herokuapp.com/appointment.php#summary' and expected object 'https://katalon-demo-cura.herokuapp.com/appointment.php#summary' are equal

2023-07-11 17:43:51 - [MESSAGE][PASSED] - Actual object 'https://katalon-demo-cura.herokuapp.com/appointment.php#summary' and expected object 'https://katalon-demo-cura.herokuapp.com/appointment.php#summary' are equal

2023-07-11 17:43:51 - [TEST_STEP][PASSED] - verifyElementText(findTestObject("Page_Summary/Sumamary lines", ["id":"facility"]), form_output[0]): Actual text and expected text of test object 'Object Repository/Page_Summary/Sumamary lines' are matched.

2023-07-11 17:43:53 - [MESSAGE][PASSED] - Actual text and expected text of test object 'Object Repository/Page_Summary/Sumamary lines' are matched.

2023-07-11 17:43:53 - [TEST_STEP][PASSED] - verifyElementText(findTestObject("Page_Summary/Sumamary lines", ["id":"hospital_readmission"]), form_output[1]): Actual text and expected text of test object 'Object Repository/Page_Summary/Sumamary lines' are matched.

2023-07-11 17:43:55 - [MESSAGE][PASSED] - Actual text and expected text of test object 'Object Repository/Page_Summary/Sumamary lines' are matched.

2023-07-11 17:43:55 - [TEST_STEP][PASSED] - verifyElementText(findTestObject("Page_Summary/Sumamary lines", ["id":"program"]), form_output[2]): Actual text and expected text of test object 'Object Repository/Page_Summary/Sumamary lines' are matched.

2023-07-11 17:43:57 - [MESSAGE][PASSED] - Actual text and expected text of test object 'Object Repository/Page_Summary/Sumamary lines' are matched.

2023-07-11 17:43:57 - [TEST_STEP][PASSED] - verifyElementText(findTestObject("Page_Summary/Sumamary lines", ["id":"visit_date"]), form_output[3]): Actual text and expected text of test object 'Object Repository/Page_Summary/Sumamary lines' are matched.

2023-07-11 17:43:59 - [MESSAGE][PASSED] - Actual text and expected text of test object 'Object Repository/Page_Summary/Sumamary lines' are matched.

2023-07-11 17:43:59 - [TEST_STEP][PASSED] - verifyElementText(findTestObject("Page_Summary/Sumamary lines", ["id":"comment"]), form_output[4]): Actual text and expected text of test object 'Object Repository/Page_Summary/Sumamary lines' are matched.

2023-07-11 17:44:01 - [MESSAGE][PASSED] - Actual text and expected text of test object 'Object Repository/Page_Summary/Sumamary lines' are matched.

2023-07-11 17:44:01 - [TEST_STEP][PASSED] - click(findTestObject("Navigation Bar/Icon_Menu")): Object: 'Object Repository/Navigation Bar/Icon_Menu' is clicked on

2023-07-11 17:44:03 - [MESSAGE][PASSED] - Object: 'Object Repository/Navigation Bar/Icon_Menu' is clicked on

2023-07-11 17:44:03 - [TEST_STEP][PASSED] - click(findTestObject("Navigation Bar/Buttons", ["index":"3"])): Object: 'Object Repository/Navigation Bar/Buttons' is clicked on

2023-07-11 17:44:05 - [MESSAGE][PASSED] - Object: 'Object Repository/Navigation Bar/Buttons' is clicked on

2023-07-11 17:44:05 - [TEST_STEP][PASSED] - verifyElementText(findTestObject("Page_History page/Headings"), form_output[3]): Actual text and expected text of test object 'Object Repository/Page_History page/Headings' are matched.

2023-07-11 17:44:07 - [MESSAGE][PASSED] - Actual text and expected text of test object 'Object Repository/Page_History page/Headings' are matched.

2023-07-11 17:44:07 - [TEST_STEP][PASSED] - verifyElementText(findTestObject("Page_History page/Summary lines", ["id":"facility"]), form_output[0]): Actual text and expected text of test object 'Object Repository/Page_History page/Summary lines' are matched.

2023-07-11 17:44:09 - [MESSAGE][PASSED] - Actual text and expected text of test object 'Object Repository/Page_History page/Summary lines' are matched.

2023-07-11 17:44:09 - [TEST_STEP][PASSED] - verifyElementText(findTestObject("Page_History page/Summary lines", ["id":"hospital_readmission"]), form_output[1]): Actual text and expected text of test object 'Object Repository/Page_History page/Summary lines' are matched.

2023-07-11 17:44:11 - [MESSAGE][PASSED] - Actual text and expected text of test object 'Object Repository/Page_History page/Summary lines' are matched.

2023-07-11 17:44:11 - [TEST_STEP][PASSED] - verifyElementText(findTestObject("Page_History page/Summary lines", ["id":"program"]), form_output[2]): Actual text and expected text of test object 'Object Repository/Page_History page/Summary lines' are matched.

2023-07-11 17:44:13 - [MESSAGE][PASSED] - Actual text and expected text of test object 'Object Repository/Page_History page/Summary lines' are matched.

2023-07-11 17:44:13 - [TEST_STEP][PASSED] - verifyElementText(findTestObject("Page_History page/Summary lines", ["id":"comment"]), form_output[4]): Actual text and expected text of test object 'Object Repository/Page_History page/Summary lines' are matched.

2023-07-11 17:44:15 - [MESSAGE][PASSED] - Actual text and expected text of test object 'Object Repository/Page_History page/Summary lines' are matched.

2023-07-11 17:44:15 - [TEST_STEP][PASSED] - closeBrowser(): Browser is closed

2023-07-11 17:44:15 - [MESSAGE][PASSED] - Browser is closed]]></system-out>
         <system-err><![CDATA[]]></system-err>
      </testcase>
      <testcase name="Test Cases/Verify user can book an appointment successfully" time="95.882" classname="Test Cases/Verify user can book an appointment successfully" status="PASSED">
         <system-out><![CDATA[2023-07-11 17:44:15 - [TEST_CASE][PASSED] - Test Cases/Verify user can book an appointment successfully: Test Cases/Verify user can book an appointment successfully

2023-07-11 17:44:15 - [TEST_STEP][PASSED] - openBrowser(""): Browser is opened with url: ''

2023-07-11 17:44:15 - [MESSAGE][INFO] - Starting 'Chrome' driver

2023-07-11 17:44:15 - [MESSAGE][INFO] - Action delay is set to 0 milliseconds

2023-07-11 17:44:20 - [MESSAGE][PASSED] - Browser is opened with url: ''

2023-07-11 17:44:20 - [TEST_STEP][PASSED] - navigateToUrl(URL_homepage): Navigate to 'https://katalon-demo-cura.herokuapp.com/' successfully

2023-07-11 17:44:23 - [MESSAGE][PASSED] - Navigate to 'https://katalon-demo-cura.herokuapp.com/' successfully

2023-07-11 17:44:23 - [TEST_STEP][PASSED] - click(findTestObject("Page_Main page/Button_Make Appointment")): Object: 'Object Repository/Page_Main page/Button_Make Appointment' is clicked on

2023-07-11 17:44:24 - [MESSAGE][PASSED] - Object: 'Object Repository/Page_Main page/Button_Make Appointment' is clicked on

2023-07-11 17:44:24 - [TEST_STEP][PASSED] - logIn.LogIn.logIn("John Doe", "ThisIsNotAPassword"): logIn.LogIn.logIn is PASSED

2023-07-11 17:44:27 - [MESSAGE][PASSED] - Text 'John Doe' is set on object 'Object Repository/Page_Log in page/Input field_Username'

2023-07-11 17:44:30 - [MESSAGE][PASSED] - Text 'ThisIsNotAPassword' is set on object 'Object Repository/Page_Log in page/Input field _Password'

2023-07-11 17:45:03 - [MESSAGE][INFO] - Unable to find the element located by 'By.cssSelector: '. Please recheck the objects properties to make sure the desired element is located. 

2023-07-11 17:45:03 - [MESSAGE][WARNING] - [SELF-HEALING] Failed to find element with id 'Object Repository/Page_log in page/Button_Log in'. Try using Self-healing.

2023-07-11 17:45:05 - [MESSAGE][WARNING] - [SELF-HEALING] The current locator of test object 'Object Repository/Page_log in page/Button_Log in' was broken. Propose an alternative one: '#btn-login'.

2023-07-11 17:45:07 - [MESSAGE][PASSED] - Object: 'Object Repository/Page_log in page/Button_Log in' is clicked on

2023-07-11 17:45:07 - [MESSAGE][PASSED] - logIn.LogIn.logIn is PASSED

2023-07-11 17:45:07 - [TEST_STEP][PASSED] - form_output = makeAppointment.MakeAppointment.fillOutForm(facility, readmission, program, date, comment): makeAppointment.MakeAppointment.fillOutForm is PASSED

2023-07-11 17:45:13 - [MESSAGE][PASSED] - All options with label 'Tokyo CURA Healthcare Center' are selected in object 'Object Repository/Page_Make Appointment/Dropdown_Facility'  using regular expression

2023-07-11 17:45:15 - [MESSAGE][PASSED] - Object 'Object Repository/Page_Make Appointment/Programs' is checked

2023-07-11 17:45:21 - [MESSAGE][PASSED] - Text '07/06/2023' is set on object 'Object Repository/Page_Make Appointment/input_Visit Date (Required)_visit_date'

2023-07-11 17:45:25 - [MESSAGE][PASSED] - Text 'Readmitted due to complications.' is set on object 'Object Repository/Page_Make Appointment/textarea_Comment_comment'

2023-07-11 17:45:27 - [MESSAGE][PASSED] - Object: 'Object Repository/Page_Make Appointment/button_Book Appointment' is clicked on

2023-07-11 17:45:27 - [MESSAGE][PASSED] - makeAppointment.MakeAppointment.fillOutForm is PASSED

2023-07-11 17:45:27 - [TEST_STEP][PASSED] - url = getUrl(): Current window's url is: 'https://katalon-demo-cura.herokuapp.com/appointment.php#summary'

2023-07-11 17:45:27 - [MESSAGE][PASSED] - Current window's url is: 'https://katalon-demo-cura.herokuapp.com/appointment.php#summary'

2023-07-11 17:45:27 - [TEST_STEP][PASSED] - verifyEqual(url, URL_summary): Actual object 'https://katalon-demo-cura.herokuapp.com/appointment.php#summary' and expected object 'https://katalon-demo-cura.herokuapp.com/appointment.php#summary' are equal

2023-07-11 17:45:27 - [MESSAGE][PASSED] - Actual object 'https://katalon-demo-cura.herokuapp.com/appointment.php#summary' and expected object 'https://katalon-demo-cura.herokuapp.com/appointment.php#summary' are equal

2023-07-11 17:45:27 - [TEST_STEP][PASSED] - verifyElementText(findTestObject("Page_Summary/Sumamary lines", ["id":"facility"]), form_output[0]): Actual text and expected text of test object 'Object Repository/Page_Summary/Sumamary lines' are matched.

2023-07-11 17:45:29 - [MESSAGE][PASSED] - Actual text and expected text of test object 'Object Repository/Page_Summary/Sumamary lines' are matched.

2023-07-11 17:45:29 - [TEST_STEP][PASSED] - verifyElementText(findTestObject("Page_Summary/Sumamary lines", ["id":"hospital_readmission"]), form_output[1]): Actual text and expected text of test object 'Object Repository/Page_Summary/Sumamary lines' are matched.

2023-07-11 17:45:31 - [MESSAGE][PASSED] - Actual text and expected text of test object 'Object Repository/Page_Summary/Sumamary lines' are matched.

2023-07-11 17:45:31 - [TEST_STEP][PASSED] - verifyElementText(findTestObject("Page_Summary/Sumamary lines", ["id":"program"]), form_output[2]): Actual text and expected text of test object 'Object Repository/Page_Summary/Sumamary lines' are matched.

2023-07-11 17:45:33 - [MESSAGE][PASSED] - Actual text and expected text of test object 'Object Repository/Page_Summary/Sumamary lines' are matched.

2023-07-11 17:45:33 - [TEST_STEP][PASSED] - verifyElementText(findTestObject("Page_Summary/Sumamary lines", ["id":"visit_date"]), form_output[3]): Actual text and expected text of test object 'Object Repository/Page_Summary/Sumamary lines' are matched.

2023-07-11 17:45:35 - [MESSAGE][PASSED] - Actual text and expected text of test object 'Object Repository/Page_Summary/Sumamary lines' are matched.

2023-07-11 17:45:35 - [TEST_STEP][PASSED] - verifyElementText(findTestObject("Page_Summary/Sumamary lines", ["id":"comment"]), form_output[4]): Actual text and expected text of test object 'Object Repository/Page_Summary/Sumamary lines' are matched.

2023-07-11 17:45:37 - [MESSAGE][PASSED] - Actual text and expected text of test object 'Object Repository/Page_Summary/Sumamary lines' are matched.

2023-07-11 17:45:37 - [TEST_STEP][PASSED] - click(findTestObject("Navigation Bar/Icon_Menu")): Object: 'Object Repository/Navigation Bar/Icon_Menu' is clicked on

2023-07-11 17:45:39 - [MESSAGE][PASSED] - Object: 'Object Repository/Navigation Bar/Icon_Menu' is clicked on

2023-07-11 17:45:39 - [TEST_STEP][PASSED] - click(findTestObject("Navigation Bar/Buttons", ["index":"3"])): Object: 'Object Repository/Navigation Bar/Buttons' is clicked on

2023-07-11 17:45:41 - [MESSAGE][PASSED] - Object: 'Object Repository/Navigation Bar/Buttons' is clicked on

2023-07-11 17:45:41 - [TEST_STEP][PASSED] - verifyElementText(findTestObject("Page_History page/Headings"), form_output[3]): Actual text and expected text of test object 'Object Repository/Page_History page/Headings' are matched.

2023-07-11 17:45:43 - [MESSAGE][PASSED] - Actual text and expected text of test object 'Object Repository/Page_History page/Headings' are matched.

2023-07-11 17:45:43 - [TEST_STEP][PASSED] - verifyElementText(findTestObject("Page_History page/Summary lines", ["id":"facility"]), form_output[0]): Actual text and expected text of test object 'Object Repository/Page_History page/Summary lines' are matched.

2023-07-11 17:45:45 - [MESSAGE][PASSED] - Actual text and expected text of test object 'Object Repository/Page_History page/Summary lines' are matched.

2023-07-11 17:45:45 - [TEST_STEP][PASSED] - verifyElementText(findTestObject("Page_History page/Summary lines", ["id":"hospital_readmission"]), form_output[1]): Actual text and expected text of test object 'Object Repository/Page_History page/Summary lines' are matched.

2023-07-11 17:45:47 - [MESSAGE][PASSED] - Actual text and expected text of test object 'Object Repository/Page_History page/Summary lines' are matched.

2023-07-11 17:45:47 - [TEST_STEP][PASSED] - verifyElementText(findTestObject("Page_History page/Summary lines", ["id":"program"]), form_output[2]): Actual text and expected text of test object 'Object Repository/Page_History page/Summary lines' are matched.

2023-07-11 17:45:49 - [MESSAGE][PASSED] - Actual text and expected text of test object 'Object Repository/Page_History page/Summary lines' are matched.

2023-07-11 17:45:49 - [TEST_STEP][PASSED] - verifyElementText(findTestObject("Page_History page/Summary lines", ["id":"comment"]), form_output[4]): Actual text and expected text of test object 'Object Repository/Page_History page/Summary lines' are matched.

2023-07-11 17:45:51 - [MESSAGE][PASSED] - Actual text and expected text of test object 'Object Repository/Page_History page/Summary lines' are matched.

2023-07-11 17:45:51 - [TEST_STEP][PASSED] - closeBrowser(): Browser is closed

2023-07-11 17:45:51 - [MESSAGE][PASSED] - Browser is closed]]></system-out>
         <system-err><![CDATA[]]></system-err>
      </testcase>
      <testcase name="Test Cases/Verify user can book an appointment successfully" time="84.877" classname="Test Cases/Verify user can book an appointment successfully" status="PASSED">
         <system-out><![CDATA[2023-07-11 17:45:51 - [TEST_CASE][PASSED] - Test Cases/Verify user can book an appointment successfully: Test Cases/Verify user can book an appointment successfully

2023-07-11 17:45:51 - [TEST_STEP][PASSED] - openBrowser(""): Browser is opened with url: ''

2023-07-11 17:45:51 - [MESSAGE][INFO] - Starting 'Chrome' driver

2023-07-11 17:45:51 - [MESSAGE][INFO] - Action delay is set to 0 milliseconds

2023-07-11 17:45:56 - [MESSAGE][PASSED] - Browser is opened with url: ''

2023-07-11 17:45:56 - [TEST_STEP][PASSED] - navigateToUrl(URL_homepage): Navigate to 'https://katalon-demo-cura.herokuapp.com/' successfully

2023-07-11 17:45:59 - [MESSAGE][PASSED] - Navigate to 'https://katalon-demo-cura.herokuapp.com/' successfully

2023-07-11 17:45:59 - [TEST_STEP][PASSED] - click(findTestObject("Page_Main page/Button_Make Appointment")): Object: 'Object Repository/Page_Main page/Button_Make Appointment' is clicked on

2023-07-11 17:46:02 - [MESSAGE][PASSED] - Object: 'Object Repository/Page_Main page/Button_Make Appointment' is clicked on

2023-07-11 17:46:02 - [TEST_STEP][PASSED] - logIn.LogIn.logIn("John Doe", "ThisIsNotAPassword"): logIn.LogIn.logIn is PASSED

2023-07-11 17:46:06 - [MESSAGE][PASSED] - Text 'John Doe' is set on object 'Object Repository/Page_Log in page/Input field_Username'

2023-07-11 17:46:07 - [MESSAGE][PASSED] - Text 'ThisIsNotAPassword' is set on object 'Object Repository/Page_Log in page/Input field _Password'

2023-07-11 17:46:39 - [MESSAGE][INFO] - Unable to find the element located by 'By.cssSelector: '. Please recheck the objects properties to make sure the desired element is located. 

2023-07-11 17:46:39 - [MESSAGE][WARNING] - [SELF-HEALING] Failed to find element with id 'Object Repository/Page_log in page/Button_Log in'. Try using Self-healing.

2023-07-11 17:46:39 - [MESSAGE][WARNING] - [SELF-HEALING] The current locator of test object 'Object Repository/Page_log in page/Button_Log in' was broken. Propose an alternative one: '#btn-login'.

2023-07-11 17:46:41 - [MESSAGE][PASSED] - Object: 'Object Repository/Page_log in page/Button_Log in' is clicked on

2023-07-11 17:46:41 - [MESSAGE][PASSED] - logIn.LogIn.logIn is PASSED

2023-07-11 17:46:41 - [TEST_STEP][PASSED] - form_output = makeAppointment.MakeAppointment.fillOutForm(facility, readmission, program, date, comment): makeAppointment.MakeAppointment.fillOutForm is PASSED

2023-07-11 17:46:43 - [MESSAGE][PASSED] - Object 'Object Repository/Page_Make Appointment/CheckBox_Apply for readmission' is checked

2023-07-11 17:46:48 - [MESSAGE][PASSED] - Text '29/03/2023' is set on object 'Object Repository/Page_Make Appointment/input_Visit Date (Required)_visit_date'

2023-07-11 17:46:52 - [MESSAGE][PASSED] - Text '' is set on object 'Object Repository/Page_Make Appointment/textarea_Comment_comment'

2023-07-11 17:46:54 - [MESSAGE][PASSED] - Object: 'Object Repository/Page_Make Appointment/button_Book Appointment' is clicked on

2023-07-11 17:46:54 - [MESSAGE][PASSED] - makeAppointment.MakeAppointment.fillOutForm is PASSED

2023-07-11 17:46:54 - [TEST_STEP][PASSED] - url = getUrl(): Current window's url is: 'https://katalon-demo-cura.herokuapp.com/appointment.php#summary'

2023-07-11 17:46:54 - [MESSAGE][PASSED] - Current window's url is: 'https://katalon-demo-cura.herokuapp.com/appointment.php#summary'

2023-07-11 17:46:54 - [TEST_STEP][PASSED] - verifyEqual(url, URL_summary): Actual object 'https://katalon-demo-cura.herokuapp.com/appointment.php#summary' and expected object 'https://katalon-demo-cura.herokuapp.com/appointment.php#summary' are equal

2023-07-11 17:46:54 - [MESSAGE][PASSED] - Actual object 'https://katalon-demo-cura.herokuapp.com/appointment.php#summary' and expected object 'https://katalon-demo-cura.herokuapp.com/appointment.php#summary' are equal

2023-07-11 17:46:54 - [TEST_STEP][PASSED] - verifyElementText(findTestObject("Page_Summary/Sumamary lines", ["id":"facility"]), form_output[0]): Actual text and expected text of test object 'Object Repository/Page_Summary/Sumamary lines' are matched.

2023-07-11 17:46:56 - [MESSAGE][PASSED] - Actual text and expected text of test object 'Object Repository/Page_Summary/Sumamary lines' are matched.

2023-07-11 17:46:56 - [TEST_STEP][PASSED] - verifyElementText(findTestObject("Page_Summary/Sumamary lines", ["id":"hospital_readmission"]), form_output[1]): Actual text and expected text of test object 'Object Repository/Page_Summary/Sumamary lines' are matched.

2023-07-11 17:46:58 - [MESSAGE][PASSED] - Actual text and expected text of test object 'Object Repository/Page_Summary/Sumamary lines' are matched.

2023-07-11 17:46:58 - [TEST_STEP][PASSED] - verifyElementText(findTestObject("Page_Summary/Sumamary lines", ["id":"program"]), form_output[2]): Actual text and expected text of test object 'Object Repository/Page_Summary/Sumamary lines' are matched.

2023-07-11 17:47:00 - [MESSAGE][PASSED] - Actual text and expected text of test object 'Object Repository/Page_Summary/Sumamary lines' are matched.

2023-07-11 17:47:00 - [TEST_STEP][PASSED] - verifyElementText(findTestObject("Page_Summary/Sumamary lines", ["id":"visit_date"]), form_output[3]): Actual text and expected text of test object 'Object Repository/Page_Summary/Sumamary lines' are matched.

2023-07-11 17:47:02 - [MESSAGE][PASSED] - Actual text and expected text of test object 'Object Repository/Page_Summary/Sumamary lines' are matched.

2023-07-11 17:47:02 - [TEST_STEP][PASSED] - verifyElementText(findTestObject("Page_Summary/Sumamary lines", ["id":"comment"]), form_output[4]): Actual text and expected text of test object 'Object Repository/Page_Summary/Sumamary lines' are matched.

2023-07-11 17:47:04 - [MESSAGE][PASSED] - Actual text and expected text of test object 'Object Repository/Page_Summary/Sumamary lines' are matched.

2023-07-11 17:47:04 - [TEST_STEP][PASSED] - click(findTestObject("Navigation Bar/Icon_Menu")): Object: 'Object Repository/Navigation Bar/Icon_Menu' is clicked on

2023-07-11 17:47:05 - [MESSAGE][PASSED] - Object: 'Object Repository/Navigation Bar/Icon_Menu' is clicked on

2023-07-11 17:47:05 - [TEST_STEP][PASSED] - click(findTestObject("Navigation Bar/Buttons", ["index":"3"])): Object: 'Object Repository/Navigation Bar/Buttons' is clicked on

2023-07-11 17:47:06 - [MESSAGE][PASSED] - Object: 'Object Repository/Navigation Bar/Buttons' is clicked on

2023-07-11 17:47:06 - [TEST_STEP][PASSED] - verifyElementText(findTestObject("Page_History page/Headings"), form_output[3]): Actual text and expected text of test object 'Object Repository/Page_History page/Headings' are matched.

2023-07-11 17:47:08 - [MESSAGE][PASSED] - Actual text and expected text of test object 'Object Repository/Page_History page/Headings' are matched.

2023-07-11 17:47:08 - [TEST_STEP][PASSED] - verifyElementText(findTestObject("Page_History page/Summary lines", ["id":"facility"]), form_output[0]): Actual text and expected text of test object 'Object Repository/Page_History page/Summary lines' are matched.

2023-07-11 17:47:10 - [MESSAGE][PASSED] - Actual text and expected text of test object 'Object Repository/Page_History page/Summary lines' are matched.

2023-07-11 17:47:10 - [TEST_STEP][PASSED] - verifyElementText(findTestObject("Page_History page/Summary lines", ["id":"hospital_readmission"]), form_output[1]): Actual text and expected text of test object 'Object Repository/Page_History page/Summary lines' are matched.

2023-07-11 17:47:12 - [MESSAGE][PASSED] - Actual text and expected text of test object 'Object Repository/Page_History page/Summary lines' are matched.

2023-07-11 17:47:12 - [TEST_STEP][PASSED] - verifyElementText(findTestObject("Page_History page/Summary lines", ["id":"program"]), form_output[2]): Actual text and expected text of test object 'Object Repository/Page_History page/Summary lines' are matched.

2023-07-11 17:47:14 - [MESSAGE][PASSED] - Actual text and expected text of test object 'Object Repository/Page_History page/Summary lines' are matched.

2023-07-11 17:47:14 - [TEST_STEP][PASSED] - verifyElementText(findTestObject("Page_History page/Summary lines", ["id":"comment"]), form_output[4]): Actual text and expected text of test object 'Object Repository/Page_History page/Summary lines' are matched.

2023-07-11 17:47:16 - [MESSAGE][PASSED] - Actual text and expected text of test object 'Object Repository/Page_History page/Summary lines' are matched.

2023-07-11 17:47:16 - [TEST_STEP][PASSED] - closeBrowser(): Browser is closed

2023-07-11 17:47:16 - [MESSAGE][PASSED] - Browser is closed]]></system-out>
         <system-err><![CDATA[]]></system-err>
      </testcase>
      <system-out><![CDATA[2023-07-11 17:42:54 - [TEST_SUITE][PASSED] - Edited: Test Cases/Verify user can book an appointment successfully]]></system-out>
      <system-err><![CDATA[]]></system-err>
   </testsuite>
</testsuites>
